<?xml version="1.0" encoding="UTF-8"?>
<testng-results ignored="0" total="1" passed="1" failed="0" skipped="0">
  <reporter-output>
  </reporter-output>
  <suite started-at="2023-12-22T15:58:14 IST" name="Default suite" finished-at="2023-12-22T15:58:41 IST" duration-ms="27518">
    <groups>
    </groups>
    <test started-at="2023-12-22T15:58:14 IST" name="Default test" finished-at="2023-12-22T15:58:41 IST" duration-ms="27518">
      <class name="extentreport.EReport1">
        <test-method is-config="true" signature="startTest()[pri:0, instance:extentreport.EReport1@1dde4cb2]" started-at="2023-12-22T15:58:14 IST" name="startTest" finished-at="2023-12-22T15:58:14 IST" duration-ms="747" status="PASS">
          <reporter-output>
          </reporter-output>
        </test-method> <!-- startTest -->
        <test-method signature="extentReportsDemo()[pri:0, instance:extentreport.EReport1@1dde4cb2]" started-at="2023-12-22T15:58:14 IST" name="extentReportsDemo" finished-at="2023-12-22T15:58:40 IST" duration-ms="25868" status="PASS">
          <reporter-output>
          </reporter-output>
        </test-method> <!-- extentReportsDemo -->
        <test-method is-config="true" signature="endTest()[pri:0, instance:extentreport.EReport1@1dde4cb2]" started-at="2023-12-22T15:58:40 IST" name="endTest" finished-at="2023-12-22T15:58:41 IST" duration-ms="781" status="PASS">
          <reporter-output>
          </reporter-output>
        </test-method> <!-- endTest -->
      </class> <!-- extentreport.EReport1 -->
    </test> <!-- Default test -->
  </suite> <!-- Default suite -->
</testng-results>
