<?xml version="1.0" encoding="UTF-8"?>
<!-- Generated by org.testng.reporters.JUnitXMLReporter -->
<testsuite ignored="1" hostname="BRU" failures="0" tests="2" name="Test" time="79.247" errors="0" timestamp="2023-12-18T19:28:48 IST">
  <testcase classname="package1.Class1" name="tc1" time="54.338"/>
  <testcase classname="package1.Class2" name="tc2" time="23.22"/>
  <testcase classname="package2.Class3" name="tc3" time="0.0">
    <ignored/>
  </testcase> <!-- tc3 -->
</testsuite> <!-- Test -->
